<?xml version="1.0" encoding="UTF-8"?>
<!-- Generated by org.testng.reporters.JUnitXMLReporter -->
<testsuite ignored="0" hostname="LAPTOP-HHK0834B" failures="1" tests="1" name="Test(failed)" time="63.465" errors="0" timestamp="2021-04-05T04:20:08 IST">
  <testcase classname="testNG.T1" name="task" time="15.967">
    <failure type="java.lang.AssertionError" message="The following asserts failed:
	expected [hdwiuhediuwehu] but found [Blazers for Men - Buy Men Blazer Online in India at Best Price | Myntra]">
      <![CDATA[java.lang.AssertionError: The following asserts failed:
expected [hdwiuhediuwehu] but found [Blazers for Men - Buy Men Blazer Online in India at Best Price | Myntra]
at testNG.T1.task(T1.java:44)
at java.base/java.util.ArrayList.forEach(Unknown Source)
... Removed 29 stack frames]]>
    </failure>
  </testcase> <!-- task -->
</testsuite> <!-- Test(failed) -->
